<?xml version="1.0" encoding="UTF-8"?>
<testsuite xmlns:xsi="http://www.w3.org/2001/XMLSchema-instance" xsi:noNamespaceSchemaLocation="https://maven.apache.org/surefire/maven-surefire-plugin/xsd/surefire-test-report.xsd" name="com.sunyue.syblog.SyblogApplicationTests" time="12.954" tests="1" errors="0" skipped="0" failures="0">
  <properties>
    <property name="sun.desktop" value="windows"/>
    <property name="awt.toolkit" value="sun.awt.windows.WToolkit"/>
    <property name="file.encoding.pkg" value="sun.io"/>
    <property name="java.specification.version" value="1.8"/>
    <property name="sun.cpu.isalist" value="amd64"/>
    <property name="sun.jnu.encoding" value="GBK"/>
    <property name="java.class.path" value="C:\Users\孙悦\Desktop\核心篇代码\syblog\target\test-classes;C:\Users\孙悦\Desktop\核心篇代码\syblog\target\classes;E:\maven\apache-maven-3.5.2\repository\org\springframework\boot\spring-boot-starter-data-jpa\2.3.3.RELEASE\spring-boot-starter-data-jpa-2.3.3.RELEASE.jar;E:\maven\apache-maven-3.5.2\repository\org\springframework\boot\spring-boot-starter-aop\2.3.3.RELEASE\spring-boot-starter-aop-2.3.3.RELEASE.jar;E:\maven\apache-maven-3.5.2\repository\org\springframework\spring-aop\5.2.8.RELEASE\spring-aop-5.2.8.RELEASE.jar;E:\maven\apache-maven-3.5.2\repository\org\aspectj\aspectjweaver\1.9.6\aspectjweaver-1.9.6.jar;E:\maven\apache-maven-3.5.2\repository\jakarta\transaction\jakarta.transaction-api\1.3.3\jakarta.transaction-api-1.3.3.jar;E:\maven\apache-maven-3.5.2\repository\jakarta\persistence\jakarta.persistence-api\2.2.3\jakarta.persistence-api-2.2.3.jar;E:\maven\apache-maven-3.5.2\repository\org\hibernate\hibernate-core\5.4.20.Final\hibernate-core-5.4.20.Final.jar;E:\maven\apache-maven-3.5.2\repository\org\jboss\logging\jboss-logging\3.4.1.Final\jboss-logging-3.4.1.Final.jar;E:\maven\apache-maven-3.5.2\repository\org\javassist\javassist\3.24.0-GA\javassist-3.24.0-GA.jar;E:\maven\apache-maven-3.5.2\repository\net\bytebuddy\byte-buddy\1.10.14\byte-buddy-1.10.14.jar;E:\maven\apache-maven-3.5.2\repository\antlr\antlr\2.7.7\antlr-2.7.7.jar;E:\maven\apache-maven-3.5.2\repository\org\jboss\jandex\2.1.3.Final\jandex-2.1.3.Final.jar;E:\maven\apache-maven-3.5.2\repository\com\fasterxml\classmate\1.5.1\classmate-1.5.1.jar;E:\maven\apache-maven-3.5.2\repository\org\dom4j\dom4j\2.1.3\dom4j-2.1.3.jar;E:\maven\apache-maven-3.5.2\repository\org\hibernate\common\hibernate-commons-annotations\5.1.0.Final\hibernate-commons-annotations-5.1.0.Final.jar;E:\maven\apache-maven-3.5.2\repository\org\glassfish\jaxb\jaxb-runtime\2.3.3\jaxb-runtime-2.3.3.jar;E:\maven\apache-maven-3.5.2\repository\org\glassfish\jaxb\txw2\2.3.3\txw2-2.3.3.jar;E:\maven\apache-maven-3.5.2\repository\com\sun\istack\istack-commons-runtime\3.0.11\istack-commons-runtime-3.0.11.jar;E:\maven\apache-maven-3.5.2\repository\com\sun\activation\jakarta.activation\1.2.2\jakarta.activation-1.2.2.jar;E:\maven\apache-maven-3.5.2\repository\org\springframework\data\spring-data-jpa\2.3.3.RELEASE\spring-data-jpa-2.3.3.RELEASE.jar;E:\maven\apache-maven-3.5.2\repository\org\springframework\data\spring-data-commons\2.3.3.RELEASE\spring-data-commons-2.3.3.RELEASE.jar;E:\maven\apache-maven-3.5.2\repository\org\springframework\spring-orm\5.2.8.RELEASE\spring-orm-5.2.8.RELEASE.jar;E:\maven\apache-maven-3.5.2\repository\org\springframework\spring-context\5.2.8.RELEASE\spring-context-5.2.8.RELEASE.jar;E:\maven\apache-maven-3.5.2\repository\org\springframework\spring-tx\5.2.8.RELEASE\spring-tx-5.2.8.RELEASE.jar;E:\maven\apache-maven-3.5.2\repository\org\springframework\spring-beans\5.2.8.RELEASE\spring-beans-5.2.8.RELEASE.jar;E:\maven\apache-maven-3.5.2\repository\org\slf4j\slf4j-api\1.7.30\slf4j-api-1.7.30.jar;E:\maven\apache-maven-3.5.2\repository\org\springframework\spring-aspects\5.2.8.RELEASE\spring-aspects-5.2.8.RELEASE.jar;E:\maven\apache-maven-3.5.2\repository\com\atlassian\commonmark\commonmark\0.10.0\commonmark-0.10.0.jar;E:\maven\apache-maven-3.5.2\repository\com\atlassian\commonmark\commonmark-ext-heading-anchor\0.10.0\commonmark-ext-heading-anchor-0.10.0.jar;E:\maven\apache-maven-3.5.2\repository\com\atlassian\commonmark\commonmark-ext-gfm-tables\0.10.0\commonmark-ext-gfm-tables-0.10.0.jar;E:\maven\apache-maven-3.5.2\repository\org\springframework\boot\spring-boot-starter-jdbc\2.3.3.RELEASE\spring-boot-starter-jdbc-2.3.3.RELEASE.jar;E:\maven\apache-maven-3.5.2\repository\org\springframework\boot\spring-boot-starter\2.3.3.RELEASE\spring-boot-starter-2.3.3.RELEASE.jar;E:\maven\apache-maven-3.5.2\repository\org\springframework\boot\spring-boot\2.3.3.RELEASE\spring-boot-2.3.3.RELEASE.jar;E:\maven\apache-maven-3.5.2\repository\org\springframework\boot\spring-boot-autoconfigure\2.3.3.RELEASE\spring-boot-autoconfigure-2.3.3.RELEASE.jar;E:\maven\apache-maven-3.5.2\repository\org\springframework\boot\spring-boot-starter-logging\2.3.3.RELEASE\spring-boot-starter-logging-2.3.3.RELEASE.jar;E:\maven\apache-maven-3.5.2\repository\ch\qos\logback\logback-classic\1.2.3\logback-classic-1.2.3.jar;E:\maven\apache-maven-3.5.2\repository\ch\qos\logback\logback-core\1.2.3\logback-core-1.2.3.jar;E:\maven\apache-maven-3.5.2\repository\org\apache\logging\log4j\log4j-to-slf4j\2.13.3\log4j-to-slf4j-2.13.3.jar;E:\maven\apache-maven-3.5.2\repository\org\apache\logging\log4j\log4j-api\2.13.3\log4j-api-2.13.3.jar;E:\maven\apache-maven-3.5.2\repository\org\slf4j\jul-to-slf4j\1.7.30\jul-to-slf4j-1.7.30.jar;E:\maven\apache-maven-3.5.2\repository\jakarta\annotation\jakarta.annotation-api\1.3.5\jakarta.annotation-api-1.3.5.jar;E:\maven\apache-maven-3.5.2\repository\org\yaml\snakeyaml\1.26\snakeyaml-1.26.jar;E:\maven\apache-maven-3.5.2\repository\com\zaxxer\HikariCP\3.4.5\HikariCP-3.4.5.jar;E:\maven\apache-maven-3.5.2\repository\org\springframework\spring-jdbc\5.2.8.RELEASE\spring-jdbc-5.2.8.RELEASE.jar;E:\maven\apache-maven-3.5.2\repository\org\springframework\boot\spring-boot-starter-thymeleaf\2.3.3.RELEASE\spring-boot-starter-thymeleaf-2.3.3.RELEASE.jar;E:\maven\apache-maven-3.5.2\repository\org\thymeleaf\thymeleaf-spring5\3.0.11.RELEASE\thymeleaf-spring5-3.0.11.RELEASE.jar;E:\maven\apache-maven-3.5.2\repository\org\thymeleaf\thymeleaf\3.0.11.RELEASE\thymeleaf-3.0.11.RELEASE.jar;E:\maven\apache-maven-3.5.2\repository\org\attoparser\attoparser\2.0.5.RELEASE\attoparser-2.0.5.RELEASE.jar;E:\maven\apache-maven-3.5.2\repository\org\unbescape\unbescape\1.1.6.RELEASE\unbescape-1.1.6.RELEASE.jar;E:\maven\apache-maven-3.5.2\repository\org\thymeleaf\extras\thymeleaf-extras-java8time\3.0.4.RELEASE\thymeleaf-extras-java8time-3.0.4.RELEASE.jar;E:\maven\apache-maven-3.5.2\repository\org\springframework\boot\spring-boot-starter-web\2.3.3.RELEASE\spring-boot-starter-web-2.3.3.RELEASE.jar;E:\maven\apache-maven-3.5.2\repository\org\springframework\boot\spring-boot-starter-json\2.3.3.RELEASE\spring-boot-starter-json-2.3.3.RELEASE.jar;E:\maven\apache-maven-3.5.2\repository\com\fasterxml\jackson\core\jackson-databind\2.11.2\jackson-databind-2.11.2.jar;E:\maven\apache-maven-3.5.2\repository\com\fasterxml\jackson\core\jackson-annotations\2.11.2\jackson-annotations-2.11.2.jar;E:\maven\apache-maven-3.5.2\repository\com\fasterxml\jackson\core\jackson-core\2.11.2\jackson-core-2.11.2.jar;E:\maven\apache-maven-3.5.2\repository\com\fasterxml\jackson\datatype\jackson-datatype-jdk8\2.11.2\jackson-datatype-jdk8-2.11.2.jar;E:\maven\apache-maven-3.5.2\repository\com\fasterxml\jackson\datatype\jackson-datatype-jsr310\2.11.2\jackson-datatype-jsr310-2.11.2.jar;E:\maven\apache-maven-3.5.2\repository\com\fasterxml\jackson\module\jackson-module-parameter-names\2.11.2\jackson-module-parameter-names-2.11.2.jar;E:\maven\apache-maven-3.5.2\repository\org\springframework\boot\spring-boot-starter-tomcat\2.3.3.RELEASE\spring-boot-starter-tomcat-2.3.3.RELEASE.jar;E:\maven\apache-maven-3.5.2\repository\org\apache\tomcat\embed\tomcat-embed-core\9.0.37\tomcat-embed-core-9.0.37.jar;E:\maven\apache-maven-3.5.2\repository\org\apache\tomcat\embed\tomcat-embed-websocket\9.0.37\tomcat-embed-websocket-9.0.37.jar;E:\maven\apache-maven-3.5.2\repository\org\springframework\spring-web\5.2.8.RELEASE\spring-web-5.2.8.RELEASE.jar;E:\maven\apache-maven-3.5.2\repository\org\springframework\spring-webmvc\5.2.8.RELEASE\spring-webmvc-5.2.8.RELEASE.jar;E:\maven\apache-maven-3.5.2\repository\org\springframework\spring-expression\5.2.8.RELEASE\spring-expression-5.2.8.RELEASE.jar;E:\maven\apache-maven-3.5.2\repository\mysql\mysql-connector-java\8.0.21\mysql-connector-java-8.0.21.jar;E:\maven\apache-maven-3.5.2\repository\org\springframework\boot\spring-boot-starter-test\2.3.3.RELEASE\spring-boot-starter-test-2.3.3.RELEASE.jar;E:\maven\apache-maven-3.5.2\repository\org\springframework\boot\spring-boot-test\2.3.3.RELEASE\spring-boot-test-2.3.3.RELEASE.jar;E:\maven\apache-maven-3.5.2\repository\org\springframework\boot\spring-boot-test-autoconfigure\2.3.3.RELEASE\spring-boot-test-autoconfigure-2.3.3.RELEASE.jar;E:\maven\apache-maven-3.5.2\repository\com\jayway\jsonpath\json-path\2.4.0\json-path-2.4.0.jar;E:\maven\apache-maven-3.5.2\repository\net\minidev\json-smart\2.3\json-smart-2.3.jar;E:\maven\apache-maven-3.5.2\repository\net\minidev\accessors-smart\1.2\accessors-smart-1.2.jar;E:\maven\apache-maven-3.5.2\repository\org\ow2\asm\asm\5.0.4\asm-5.0.4.jar;E:\maven\apache-maven-3.5.2\repository\jakarta\xml\bind\jakarta.xml.bind-api\2.3.3\jakarta.xml.bind-api-2.3.3.jar;E:\maven\apache-maven-3.5.2\repository\jakarta\activation\jakarta.activation-api\1.2.2\jakarta.activation-api-1.2.2.jar;E:\maven\apache-maven-3.5.2\repository\org\assertj\assertj-core\3.16.1\assertj-core-3.16.1.jar;E:\maven\apache-maven-3.5.2\repository\org\hamcrest\hamcrest\2.2\hamcrest-2.2.jar;E:\maven\apache-maven-3.5.2\repository\org\junit\jupiter\junit-jupiter\5.6.2\junit-jupiter-5.6.2.jar;E:\maven\apache-maven-3.5.2\repository\org\junit\jupiter\junit-jupiter-api\5.6.2\junit-jupiter-api-5.6.2.jar;E:\maven\apache-maven-3.5.2\repository\org\apiguardian\apiguardian-api\1.1.0\apiguardian-api-1.1.0.jar;E:\maven\apache-maven-3.5.2\repository\org\opentest4j\opentest4j\1.2.0\opentest4j-1.2.0.jar;E:\maven\apache-maven-3.5.2\repository\org\junit\platform\junit-platform-commons\1.6.2\junit-platform-commons-1.6.2.jar;E:\maven\apache-maven-3.5.2\repository\org\junit\jupiter\junit-jupiter-params\5.6.2\junit-jupiter-params-5.6.2.jar;E:\maven\apache-maven-3.5.2\repository\org\junit\jupiter\junit-jupiter-engine\5.6.2\junit-jupiter-engine-5.6.2.jar;E:\maven\apache-maven-3.5.2\repository\org\junit\platform\junit-platform-engine\1.6.2\junit-platform-engine-1.6.2.jar;E:\maven\apache-maven-3.5.2\repository\org\mockito\mockito-core\3.3.3\mockito-core-3.3.3.jar;E:\maven\apache-maven-3.5.2\repository\net\bytebuddy\byte-buddy-agent\1.10.14\byte-buddy-agent-1.10.14.jar;E:\maven\apache-maven-3.5.2\repository\org\objenesis\objenesis\2.6\objenesis-2.6.jar;E:\maven\apache-maven-3.5.2\repository\org\mockito\mockito-junit-jupiter\3.3.3\mockito-junit-jupiter-3.3.3.jar;E:\maven\apache-maven-3.5.2\repository\org\skyscreamer\jsonassert\1.5.0\jsonassert-1.5.0.jar;E:\maven\apache-maven-3.5.2\repository\com\vaadin\external\google\android-json\0.0.20131108.vaadin1\android-json-0.0.20131108.vaadin1.jar;E:\maven\apache-maven-3.5.2\repository\org\springframework\spring-core\5.2.8.RELEASE\spring-core-5.2.8.RELEASE.jar;E:\maven\apache-maven-3.5.2\repository\org\springframework\spring-jcl\5.2.8.RELEASE\spring-jcl-5.2.8.RELEASE.jar;E:\maven\apache-maven-3.5.2\repository\org\springframework\spring-test\5.2.8.RELEASE\spring-test-5.2.8.RELEASE.jar;E:\maven\apache-maven-3.5.2\repository\org\xmlunit\xmlunit-core\2.7.0\xmlunit-core-2.7.0.jar;E:\maven\apache-maven-3.5.2\repository\org\springframework\boot\spring-boot-starter-validation\2.3.3.RELEASE\spring-boot-starter-validation-2.3.3.RELEASE.jar;E:\maven\apache-maven-3.5.2\repository\org\glassfish\jakarta.el\3.0.3\jakarta.el-3.0.3.jar;E:\maven\apache-maven-3.5.2\repository\org\hibernate\validator\hibernate-validator\6.1.5.Final\hibernate-validator-6.1.5.Final.jar;E:\maven\apache-maven-3.5.2\repository\jakarta\validation\jakarta.validation-api\2.0.2\jakarta.validation-api-2.0.2.jar;E:\maven\apache-maven-3.5.2\repository\com\alibaba\druid\1.1.8\druid-1.1.8.jar;E:\maven\apache-maven-3.5.2\repository\log4j\log4j\1.2.17\log4j-1.2.17.jar;"/>
    <property name="java.vm.vendor" value="Oracle Corporation"/>
    <property name="sun.arch.data.model" value="64"/>
    <property name="user.variant" value=""/>
    <property name="java.vendor.url" value="http://java.oracle.com/"/>
    <property name="user.timezone" value="Asia/Shanghai"/>
    <property name="java.vm.specification.version" value="1.8"/>
    <property name="os.name" value="Windows 10"/>
    <property name="user.country" value="CN"/>
    <property name="sun.java.launcher" value="SUN_STANDARD"/>
    <property name="sun.boot.library.path" value="C:\Program Files\Java\jdk1.8.0_181\jre\bin"/>
    <property name="sun.java.command" value="C:\Users\孙悦\AppData\Local\Temp\surefire5368753607003112584\surefirebooter4969768121867386684.jar C:\Users\孙悦\AppData\Local\Temp\surefire5368753607003112584 2020-09-30T15-00-25_041-jvmRun1 surefire1612371799969344776tmp surefire_07304483656785219346tmp"/>
    <property name="surefire.test.class.path" value="C:\Users\孙悦\Desktop\核心篇代码\syblog\target\test-classes;C:\Users\孙悦\Desktop\核心篇代码\syblog\target\classes;E:\maven\apache-maven-3.5.2\repository\org\springframework\boot\spring-boot-starter-data-jpa\2.3.3.RELEASE\spring-boot-starter-data-jpa-2.3.3.RELEASE.jar;E:\maven\apache-maven-3.5.2\repository\org\springframework\boot\spring-boot-starter-aop\2.3.3.RELEASE\spring-boot-starter-aop-2.3.3.RELEASE.jar;E:\maven\apache-maven-3.5.2\repository\org\springframework\spring-aop\5.2.8.RELEASE\spring-aop-5.2.8.RELEASE.jar;E:\maven\apache-maven-3.5.2\repository\org\aspectj\aspectjweaver\1.9.6\aspectjweaver-1.9.6.jar;E:\maven\apache-maven-3.5.2\repository\jakarta\transaction\jakarta.transaction-api\1.3.3\jakarta.transaction-api-1.3.3.jar;E:\maven\apache-maven-3.5.2\repository\jakarta\persistence\jakarta.persistence-api\2.2.3\jakarta.persistence-api-2.2.3.jar;E:\maven\apache-maven-3.5.2\repository\org\hibernate\hibernate-core\5.4.20.Final\hibernate-core-5.4.20.Final.jar;E:\maven\apache-maven-3.5.2\repository\org\jboss\logging\jboss-logging\3.4.1.Final\jboss-logging-3.4.1.Final.jar;E:\maven\apache-maven-3.5.2\repository\org\javassist\javassist\3.24.0-GA\javassist-3.24.0-GA.jar;E:\maven\apache-maven-3.5.2\repository\net\bytebuddy\byte-buddy\1.10.14\byte-buddy-1.10.14.jar;E:\maven\apache-maven-3.5.2\repository\antlr\antlr\2.7.7\antlr-2.7.7.jar;E:\maven\apache-maven-3.5.2\repository\org\jboss\jandex\2.1.3.Final\jandex-2.1.3.Final.jar;E:\maven\apache-maven-3.5.2\repository\com\fasterxml\classmate\1.5.1\classmate-1.5.1.jar;E:\maven\apache-maven-3.5.2\repository\org\dom4j\dom4j\2.1.3\dom4j-2.1.3.jar;E:\maven\apache-maven-3.5.2\repository\org\hibernate\common\hibernate-commons-annotations\5.1.0.Final\hibernate-commons-annotations-5.1.0.Final.jar;E:\maven\apache-maven-3.5.2\repository\org\glassfish\jaxb\jaxb-runtime\2.3.3\jaxb-runtime-2.3.3.jar;E:\maven\apache-maven-3.5.2\repository\org\glassfish\jaxb\txw2\2.3.3\txw2-2.3.3.jar;E:\maven\apache-maven-3.5.2\repository\com\sun\istack\istack-commons-runtime\3.0.11\istack-commons-runtime-3.0.11.jar;E:\maven\apache-maven-3.5.2\repository\com\sun\activation\jakarta.activation\1.2.2\jakarta.activation-1.2.2.jar;E:\maven\apache-maven-3.5.2\repository\org\springframework\data\spring-data-jpa\2.3.3.RELEASE\spring-data-jpa-2.3.3.RELEASE.jar;E:\maven\apache-maven-3.5.2\repository\org\springframework\data\spring-data-commons\2.3.3.RELEASE\spring-data-commons-2.3.3.RELEASE.jar;E:\maven\apache-maven-3.5.2\repository\org\springframework\spring-orm\5.2.8.RELEASE\spring-orm-5.2.8.RELEASE.jar;E:\maven\apache-maven-3.5.2\repository\org\springframework\spring-context\5.2.8.RELEASE\spring-context-5.2.8.RELEASE.jar;E:\maven\apache-maven-3.5.2\repository\org\springframework\spring-tx\5.2.8.RELEASE\spring-tx-5.2.8.RELEASE.jar;E:\maven\apache-maven-3.5.2\repository\org\springframework\spring-beans\5.2.8.RELEASE\spring-beans-5.2.8.RELEASE.jar;E:\maven\apache-maven-3.5.2\repository\org\slf4j\slf4j-api\1.7.30\slf4j-api-1.7.30.jar;E:\maven\apache-maven-3.5.2\repository\org\springframework\spring-aspects\5.2.8.RELEASE\spring-aspects-5.2.8.RELEASE.jar;E:\maven\apache-maven-3.5.2\repository\com\atlassian\commonmark\commonmark\0.10.0\commonmark-0.10.0.jar;E:\maven\apache-maven-3.5.2\repository\com\atlassian\commonmark\commonmark-ext-heading-anchor\0.10.0\commonmark-ext-heading-anchor-0.10.0.jar;E:\maven\apache-maven-3.5.2\repository\com\atlassian\commonmark\commonmark-ext-gfm-tables\0.10.0\commonmark-ext-gfm-tables-0.10.0.jar;E:\maven\apache-maven-3.5.2\repository\org\springframework\boot\spring-boot-starter-jdbc\2.3.3.RELEASE\spring-boot-starter-jdbc-2.3.3.RELEASE.jar;E:\maven\apache-maven-3.5.2\repository\org\springframework\boot\spring-boot-starter\2.3.3.RELEASE\spring-boot-starter-2.3.3.RELEASE.jar;E:\maven\apache-maven-3.5.2\repository\org\springframework\boot\spring-boot\2.3.3.RELEASE\spring-boot-2.3.3.RELEASE.jar;E:\maven\apache-maven-3.5.2\repository\org\springframework\boot\spring-boot-autoconfigure\2.3.3.RELEASE\spring-boot-autoconfigure-2.3.3.RELEASE.jar;E:\maven\apache-maven-3.5.2\repository\org\springframework\boot\spring-boot-starter-logging\2.3.3.RELEASE\spring-boot-starter-logging-2.3.3.RELEASE.jar;E:\maven\apache-maven-3.5.2\repository\ch\qos\logback\logback-classic\1.2.3\logback-classic-1.2.3.jar;E:\maven\apache-maven-3.5.2\repository\ch\qos\logback\logback-core\1.2.3\logback-core-1.2.3.jar;E:\maven\apache-maven-3.5.2\repository\org\apache\logging\log4j\log4j-to-slf4j\2.13.3\log4j-to-slf4j-2.13.3.jar;E:\maven\apache-maven-3.5.2\repository\org\apache\logging\log4j\log4j-api\2.13.3\log4j-api-2.13.3.jar;E:\maven\apache-maven-3.5.2\repository\org\slf4j\jul-to-slf4j\1.7.30\jul-to-slf4j-1.7.30.jar;E:\maven\apache-maven-3.5.2\repository\jakarta\annotation\jakarta.annotation-api\1.3.5\jakarta.annotation-api-1.3.5.jar;E:\maven\apache-maven-3.5.2\repository\org\yaml\snakeyaml\1.26\snakeyaml-1.26.jar;E:\maven\apache-maven-3.5.2\repository\com\zaxxer\HikariCP\3.4.5\HikariCP-3.4.5.jar;E:\maven\apache-maven-3.5.2\repository\org\springframework\spring-jdbc\5.2.8.RELEASE\spring-jdbc-5.2.8.RELEASE.jar;E:\maven\apache-maven-3.5.2\repository\org\springframework\boot\spring-boot-starter-thymeleaf\2.3.3.RELEASE\spring-boot-starter-thymeleaf-2.3.3.RELEASE.jar;E:\maven\apache-maven-3.5.2\repository\org\thymeleaf\thymeleaf-spring5\3.0.11.RELEASE\thymeleaf-spring5-3.0.11.RELEASE.jar;E:\maven\apache-maven-3.5.2\repository\org\thymeleaf\thymeleaf\3.0.11.RELEASE\thymeleaf-3.0.11.RELEASE.jar;E:\maven\apache-maven-3.5.2\repository\org\attoparser\attoparser\2.0.5.RELEASE\attoparser-2.0.5.RELEASE.jar;E:\maven\apache-maven-3.5.2\repository\org\unbescape\unbescape\1.1.6.RELEASE\unbescape-1.1.6.RELEASE.jar;E:\maven\apache-maven-3.5.2\repository\org\thymeleaf\extras\thymeleaf-extras-java8time\3.0.4.RELEASE\thymeleaf-extras-java8time-3.0.4.RELEASE.jar;E:\maven\apache-maven-3.5.2\repository\org\springframework\boot\spring-boot-starter-web\2.3.3.RELEASE\spring-boot-starter-web-2.3.3.RELEASE.jar;E:\maven\apache-maven-3.5.2\repository\org\springframework\boot\spring-boot-starter-json\2.3.3.RELEASE\spring-boot-starter-json-2.3.3.RELEASE.jar;E:\maven\apache-maven-3.5.2\repository\com\fasterxml\jackson\core\jackson-databind\2.11.2\jackson-databind-2.11.2.jar;E:\maven\apache-maven-3.5.2\repository\com\fasterxml\jackson\core\jackson-annotations\2.11.2\jackson-annotations-2.11.2.jar;E:\maven\apache-maven-3.5.2\repository\com\fasterxml\jackson\core\jackson-core\2.11.2\jackson-core-2.11.2.jar;E:\maven\apache-maven-3.5.2\repository\com\fasterxml\jackson\datatype\jackson-datatype-jdk8\2.11.2\jackson-datatype-jdk8-2.11.2.jar;E:\maven\apache-maven-3.5.2\repository\com\fasterxml\jackson\datatype\jackson-datatype-jsr310\2.11.2\jackson-datatype-jsr310-2.11.2.jar;E:\maven\apache-maven-3.5.2\repository\com\fasterxml\jackson\module\jackson-module-parameter-names\2.11.2\jackson-module-parameter-names-2.11.2.jar;E:\maven\apache-maven-3.5.2\repository\org\springframework\boot\spring-boot-starter-tomcat\2.3.3.RELEASE\spring-boot-starter-tomcat-2.3.3.RELEASE.jar;E:\maven\apache-maven-3.5.2\repository\org\apache\tomcat\embed\tomcat-embed-core\9.0.37\tomcat-embed-core-9.0.37.jar;E:\maven\apache-maven-3.5.2\repository\org\apache\tomcat\embed\tomcat-embed-websocket\9.0.37\tomcat-embed-websocket-9.0.37.jar;E:\maven\apache-maven-3.5.2\repository\org\springframework\spring-web\5.2.8.RELEASE\spring-web-5.2.8.RELEASE.jar;E:\maven\apache-maven-3.5.2\repository\org\springframework\spring-webmvc\5.2.8.RELEASE\spring-webmvc-5.2.8.RELEASE.jar;E:\maven\apache-maven-3.5.2\repository\org\springframework\spring-expression\5.2.8.RELEASE\spring-expression-5.2.8.RELEASE.jar;E:\maven\apache-maven-3.5.2\repository\mysql\mysql-connector-java\8.0.21\mysql-connector-java-8.0.21.jar;E:\maven\apache-maven-3.5.2\repository\org\springframework\boot\spring-boot-starter-test\2.3.3.RELEASE\spring-boot-starter-test-2.3.3.RELEASE.jar;E:\maven\apache-maven-3.5.2\repository\org\springframework\boot\spring-boot-test\2.3.3.RELEASE\spring-boot-test-2.3.3.RELEASE.jar;E:\maven\apache-maven-3.5.2\repository\org\springframework\boot\spring-boot-test-autoconfigure\2.3.3.RELEASE\spring-boot-test-autoconfigure-2.3.3.RELEASE.jar;E:\maven\apache-maven-3.5.2\repository\com\jayway\jsonpath\json-path\2.4.0\json-path-2.4.0.jar;E:\maven\apache-maven-3.5.2\repository\net\minidev\json-smart\2.3\json-smart-2.3.jar;E:\maven\apache-maven-3.5.2\repository\net\minidev\accessors-smart\1.2\accessors-smart-1.2.jar;E:\maven\apache-maven-3.5.2\repository\org\ow2\asm\asm\5.0.4\asm-5.0.4.jar;E:\maven\apache-maven-3.5.2\repository\jakarta\xml\bind\jakarta.xml.bind-api\2.3.3\jakarta.xml.bind-api-2.3.3.jar;E:\maven\apache-maven-3.5.2\repository\jakarta\activation\jakarta.activation-api\1.2.2\jakarta.activation-api-1.2.2.jar;E:\maven\apache-maven-3.5.2\repository\org\assertj\assertj-core\3.16.1\assertj-core-3.16.1.jar;E:\maven\apache-maven-3.5.2\repository\org\hamcrest\hamcrest\2.2\hamcrest-2.2.jar;E:\maven\apache-maven-3.5.2\repository\org\junit\jupiter\junit-jupiter\5.6.2\junit-jupiter-5.6.2.jar;E:\maven\apache-maven-3.5.2\repository\org\junit\jupiter\junit-jupiter-api\5.6.2\junit-jupiter-api-5.6.2.jar;E:\maven\apache-maven-3.5.2\repository\org\apiguardian\apiguardian-api\1.1.0\apiguardian-api-1.1.0.jar;E:\maven\apache-maven-3.5.2\repository\org\opentest4j\opentest4j\1.2.0\opentest4j-1.2.0.jar;E:\maven\apache-maven-3.5.2\repository\org\junit\platform\junit-platform-commons\1.6.2\junit-platform-commons-1.6.2.jar;E:\maven\apache-maven-3.5.2\repository\org\junit\jupiter\junit-jupiter-params\5.6.2\junit-jupiter-params-5.6.2.jar;E:\maven\apache-maven-3.5.2\repository\org\junit\jupiter\junit-jupiter-engine\5.6.2\junit-jupiter-engine-5.6.2.jar;E:\maven\apache-maven-3.5.2\repository\org\junit\platform\junit-platform-engine\1.6.2\junit-platform-engine-1.6.2.jar;E:\maven\apache-maven-3.5.2\repository\org\mockito\mockito-core\3.3.3\mockito-core-3.3.3.jar;E:\maven\apache-maven-3.5.2\repository\net\bytebuddy\byte-buddy-agent\1.10.14\byte-buddy-agent-1.10.14.jar;E:\maven\apache-maven-3.5.2\repository\org\objenesis\objenesis\2.6\objenesis-2.6.jar;E:\maven\apache-maven-3.5.2\repository\org\mockito\mockito-junit-jupiter\3.3.3\mockito-junit-jupiter-3.3.3.jar;E:\maven\apache-maven-3.5.2\repository\org\skyscreamer\jsonassert\1.5.0\jsonassert-1.5.0.jar;E:\maven\apache-maven-3.5.2\repository\com\vaadin\external\google\android-json\0.0.20131108.vaadin1\android-json-0.0.20131108.vaadin1.jar;E:\maven\apache-maven-3.5.2\repository\org\springframework\spring-core\5.2.8.RELEASE\spring-core-5.2.8.RELEASE.jar;E:\maven\apache-maven-3.5.2\repository\org\springframework\spring-jcl\5.2.8.RELEASE\spring-jcl-5.2.8.RELEASE.jar;E:\maven\apache-maven-3.5.2\repository\org\springframework\spring-test\5.2.8.RELEASE\spring-test-5.2.8.RELEASE.jar;E:\maven\apache-maven-3.5.2\repository\org\xmlunit\xmlunit-core\2.7.0\xmlunit-core-2.7.0.jar;E:\maven\apache-maven-3.5.2\repository\org\springframework\boot\spring-boot-starter-validation\2.3.3.RELEASE\spring-boot-starter-validation-2.3.3.RELEASE.jar;E:\maven\apache-maven-3.5.2\repository\org\glassfish\jakarta.el\3.0.3\jakarta.el-3.0.3.jar;E:\maven\apache-maven-3.5.2\repository\org\hibernate\validator\hibernate-validator\6.1.5.Final\hibernate-validator-6.1.5.Final.jar;E:\maven\apache-maven-3.5.2\repository\jakarta\validation\jakarta.validation-api\2.0.2\jakarta.validation-api-2.0.2.jar;E:\maven\apache-maven-3.5.2\repository\com\alibaba\druid\1.1.8\druid-1.1.8.jar;E:\maven\apache-maven-3.5.2\repository\log4j\log4j\1.2.17\log4j-1.2.17.jar;"/>
    <property name="sun.cpu.endian" value="little"/>
    <property name="user.home" value="C:\Users\孙悦"/>
    <property name="user.language" value="zh"/>
    <property name="java.specification.vendor" value="Oracle Corporation"/>
    <property name="java.home" value="C:\Program Files\Java\jdk1.8.0_181\jre"/>
    <property name="basedir" value="C:\Users\孙悦\Desktop\核心篇代码\syblog"/>
    <property name="file.separator" value="\"/>
    <property name="line.separator" value="&#10;"/>
    <property name="java.vm.specification.vendor" value="Oracle Corporation"/>
    <property name="java.specification.name" value="Java Platform API Specification"/>
    <property name="java.awt.graphicsenv" value="sun.awt.Win32GraphicsEnvironment"/>
    <property name="surefire.real.class.path" value="C:\Users\孙悦\AppData\Local\Temp\surefire5368753607003112584\surefirebooter4969768121867386684.jar"/>
    <property name="sun.boot.class.path" value="C:\Program Files\Java\jdk1.8.0_181\jre\lib\resources.jar;C:\Program Files\Java\jdk1.8.0_181\jre\lib\rt.jar;C:\Program Files\Java\jdk1.8.0_181\jre\lib\sunrsasign.jar;C:\Program Files\Java\jdk1.8.0_181\jre\lib\jsse.jar;C:\Program Files\Java\jdk1.8.0_181\jre\lib\jce.jar;C:\Program Files\Java\jdk1.8.0_181\jre\lib\charsets.jar;C:\Program Files\Java\jdk1.8.0_181\jre\lib\jfr.jar;C:\Program Files\Java\jdk1.8.0_181\jre\classes"/>
    <property name="user.script" value=""/>
    <property name="sun.management.compiler" value="HotSpot 64-Bit Tiered Compilers"/>
    <property name="java.runtime.version" value="1.8.0_181-b13"/>
    <property name="user.name" value="孙悦"/>
    <property name="path.separator" value=";"/>
    <property name="os.version" value="10.0"/>
    <property name="java.endorsed.dirs" value="C:\Program Files\Java\jdk1.8.0_181\jre\lib\endorsed"/>
    <property name="java.runtime.name" value="Java(TM) SE Runtime Environment"/>
    <property name="file.encoding" value="GBK"/>
    <property name="java.vm.name" value="Java HotSpot(TM) 64-Bit Server VM"/>
    <property name="localRepository" value="E:\maven\apache-maven-3.5.2\repository"/>
    <property name="java.vendor.url.bug" value="http://bugreport.sun.com/bugreport/"/>
    <property name="java.io.tmpdir" value="C:\Users\孙悦\AppData\Local\Temp\"/>
    <property name="java.version" value="1.8.0_181"/>
    <property name="user.dir" value="C:\Users\孙悦\Desktop\核心篇代码\syblog"/>
    <property name="os.arch" value="amd64"/>
    <property name="java.vm.specification.name" value="Java Virtual Machine Specification"/>
    <property name="java.awt.printerjob" value="sun.awt.windows.WPrinterJob"/>
    <property name="sun.os.patch.level" value=""/>
    <property name="java.library.path" value="C:\Program Files\Java\jdk1.8.0_181\jre\bin;C:\WINDOWS\Sun\Java\bin;C:\WINDOWS\system32;C:\WINDOWS;C:\Program Files\JetBrains\IntelliJ IDEA 2019.1.4\jre64\\bin;C:\Program Files\JetBrains\IntelliJ IDEA 2019.1.4\jre64\\bin\server;C:;C:\Program Files\Java\jdk1.8.0_181\bin;C:\Program Files\Java\jdk1.8.0_181\bin;D:\apache-maven-3.6.3\bin;C:\Program Files\Microsoft MPI\Bin\;C:\Program Files (x86)\Intel\iCLS Client\;C:\Program Files\Intel\iCLS Client\;C:\Windows\system32;C:\Windows;C:\Windows\System32\Wbem;C:\Windows\System32\WindowsPowerShell\v1.0\;C:\Program Files (x86)\Intel\Intel(R) Management Engine Components\DAL;C:\Program Files\Intel\Intel(R) Management Engine Components\DAL;C:\Program Files (x86)\Intel\Intel(R) Management Engine Components\IPT;C:\Program Files\Intel\Intel(R) Management Engine Components\IPT;C:\Program Files\Intel\WiFi\bin\;C:\WINDOWS\System32\WindowsPowerShell\v1.0\;C:\Program Files\Common Files\Intel\WirelessCommon\;C:\WINDOWS\system32;C:\WINDOWS;C:\WINDOWS\System32\Wbem;C:\Program Files\dotnet\;C:\Program Files\Microsoft SQL Server\110\Tools\Binn\;C:\WINDOWS\System32\OpenSSH\;C:\Program Files\Microsoft SQL Server\130\Tools\Binn\;F:\Stame\SteamBox\wallpaper\bin;F:\StameHandHelp\SteamBox\wallpaper\bin;F:\SteamHandHelp\SteamBox\wallpaper\bin;C:\Program Files\NVIDIA Corporation\NVIDIA NvDLISR;C:\Program Files (x86)\NVIDIA Corporation\PhysX\Common;C:\Program Files\Java\jre1.8.0_162\bin;F:\GIT\Git\cmd;&quot;;%CATALINA_HOME%\bin;%CATALINA_HOME%\lib&quot;;C:\Program Files\MySQL\MySQL Server 5.6\bin;%CATALINA_HOME%\bin;E:\Hadoop\hadoop-2.7.3\bin;C:\Users\孙悦\Desktop\decompiletool\apktool;E:\Node.js\;C:\Program Files (x86)\mysql-8.0.21-winx64\bin;C:\Program Files\PuTTY\;C:\Program Files\Java\jdk1.8.0_181\bin;D:\apache-maven-3.6.3\bin;F:\PYTHON环境安装包\Scripts\;F:\PYTHON环境安装包\;C:\Users\孙悦\AppData\Local\Microsoft\WindowsApps;F:\VSCODE\Microsoft VS Code\bin;C:\Users\孙悦\AppData\Local\Microsoft\WindowsApps;C:\Program Files\MySQL\MySQL Server 5.6\bin\mysql.exe;C:\Users\孙悦\AppData\Roaming\npm;C:\Users\孙悦\AppData\Local\GitHubDesktop\bin;E:\Tomcat\apache-tomcat-8.5.57\bin;;."/>
    <property name="idea.version2019.1.4" value="true"/>
    <property name="java.vm.info" value="mixed mode"/>
    <property name="java.vendor" value="Oracle Corporation"/>
    <property name="java.vm.version" value="25.181-b13"/>
    <property name="java.ext.dirs" value="C:\Program Files\Java\jdk1.8.0_181\jre\lib\ext;C:\WINDOWS\Sun\Java\lib\ext"/>
    <property name="sun.io.unicode.encoding" value="UnicodeLittle"/>
    <property name="maven.repo.local" value="E:\maven\apache-maven-3.5.2\repository"/>
    <property name="java.class.version" value="52.0"/>
  </properties>
  <testcase name="contextLoads" classname="com.sunyue.syblog.SyblogApplicationTests" time="0.074"/>
</testsuite>